<Results>
    <GeneralInfo>
        <Name/>
        <RunStartTime>2018-09-13 18:29:11</RunStartTime>
        <Timezone>GMT+0000 (Coordinated Universal Time)</Timezone>
        <OrchestrationToolName>JUnit</OrchestrationToolName>
        <OrchestrationToolVersion/>
        <ReportTitle>LeanFT Report</ReportTitle>
    </GeneralInfo>
    <ReportNode type="Run">
        <Data>
            <Name>Run Results</Name>
            <Description><![CDATA[ ]]></Description>
            <StartTime>2018-09-13 18:29:11</StartTime>
            <Result>Failed</Result>
            <Links/>
            <Duration><![CDATA[00:00:02.670]]></Duration>
            <Extension>
                <Any>
                    <IconKey>Run</IconKey>
                    <IsHtmlErrorText>true</IsHtmlErrorText>
                </Any>
            </Extension>
            <Environment>
                <OSInfo><![CDATA[Linux 3.10.0-693.21.1.el7.x86_64]]></OSInfo>
                <HostName>nimbusserver</HostName>
                <NumberOfCores>2</NumberOfCores>
                <CpuInfo/>
                <TotalMemory>12845</TotalMemory>
                <Locale>POSIX</Locale>
                <Timezone><![CDATA[GMT+0000 (Coordinated Universal Time)]]></Timezone>
                <User>demo</User>
            </Environment>
            <TestedApplication/>
            <ToolName>LeanFT</ToolName>
            <ToolVersion><![CDATA[14.50]]></ToolVersion>
        </Data>
        <ReportNode type="Package">
            <Data>
                <Name><![CDATA[com.fey]]></Name>
                <Description><![CDATA[Version: N/A]]></Description>
                <StartTime>2018-09-13 18:29:11</StartTime>
                <Result>Failed</Result>
                <Links/>
                <Duration><![CDATA[00:00:02.576]]></Duration>
                <Extension>
                    <Any>
                        <IconKey>Package</IconKey>
                        <IsHtmlErrorText>true</IsHtmlErrorText>
                    </Any>
                </Extension>
            </Data>
            <ReportNode type="Class">
                <Data>
                    <Name><![CDATA[com.fey.LeanFtTest]]></Name>
                    <Description/>
                    <StartTime>2018-09-13 18:29:11</StartTime>
                    <Result>Failed</Result>
                    <Links/>
                    <Duration><![CDATA[00:00:02.576]]></Duration>
                    <Extension>
                        <Any>
                            <IconKey>Class</IconKey>
                            <IsHtmlErrorText>true</IsHtmlErrorText>
                        </Any>
                    </Extension>
                </Data>
                <ReportNode type="Test">
                    <Data>
                        <Name>test</Name>
                        <Description/>
                        <StartTime>2018-09-13 18:29:11</StartTime>
                        <Result>Failed</Result>
                        <ErrorText><![CDATA[<pre>com.hp.lft.sdk.GeneralReplayException: LAB417: Version 64 of &apos;chrome&apos; not found
	at com.hp.lft.sdk.internal.ReplayExceptionFactory$11.create(ReplayExceptionFactory.java:95)
	at com.hp.lft.sdk.internal.ReplayExceptionFactory.createOrDefault(ReplayExceptionFactory.java:289)
	at com.hp.lft.sdk.internal.ReplayExceptionFactory.createOrDefault(ReplayExceptionFactory.java:22)
	at com.hp.lft.sdk.internal.web.BrowserErrorHandler.onError(BrowserErrorHandler.java:38)
	at com.hp.lft.sdk.internal.CommunicationClientImpl.handleError(CommunicationClientImpl.java:221)
	at com.hp.lft.sdk.internal.CommunicationClientImpl.send(CommunicationClientImpl.java:96)
	at com.hp.lft.sdk.internal.web.BrowserFactoryHelper.doLaunchHelper(BrowserFactoryHelper.java:48)
	at com.hp.lft.sdk.internal.web.BrowserFactoryHelper.doLaunch(BrowserFactoryHelper.java:40)
	at com.hp.lft.sdk.internal.web.SrfBrowserFactory$1.invoke(SrfBrowserFactory.java:77)
	at com.hp.lft.sdk.internal.web.SrfBrowserFactory$1.invoke(SrfBrowserFactory.java:74)
	at com.hp.lft.sdk.internal.TestObjectOperationWrapper.executeWithEvents(TestObjectOperationWrapper.java:120)
	at com.hp.lft.sdk.internal.TestObjectOperationWrapper.executeWithEvents(TestObjectOperationWrapper.java:97)
	at com.hp.lft.sdk.internal.web.SrfBrowserFactory.launch(SrfBrowserFactory.java:81)
	at com.hp.lft.sdk.SrfLab.launchBrowser(SrfLab.java:42)
	at com.fey.LeanFtTest.test(LeanFtTest.java:56)
	at sun.reflect.NativeMethodAccessorImpl.invoke0(Native Method)
	at sun.reflect.NativeMethodAccessorImpl.invoke(NativeMethodAccessorImpl.java:62)
	at sun.reflect.DelegatingMethodAccessorImpl.invoke(DelegatingMethodAccessorImpl.java:43)
	at java.lang.reflect.Method.invoke(Method.java:498)
	at org.junit.runners.model.FrameworkMethod$1.runReflectiveCall(FrameworkMethod.java:50)
	at org.junit.internal.runners.model.ReflectiveCallable.run(ReflectiveCallable.java:12)
	at org.junit.runners.model.FrameworkMethod.invokeExplosively(FrameworkMethod.java:47)
	at org.junit.internal.runners.statements.InvokeMethod.evaluate(InvokeMethod.java:17)
	at org.junit.internal.runners.statements.RunBefores.evaluate(RunBefores.java:26)
	at org.junit.internal.runners.statements.RunAfters.evaluate(RunAfters.java:27)
	at org.junit.rules.TestWatcher$1.evaluate(TestWatcher.java:55)
	at org.junit.rules.RunRules.evaluate(RunRules.java:20)
	at org.junit.runners.ParentRunner.runLeaf(ParentRunner.java:325)
	at org.junit.runners.BlockJUnit4ClassRunner.runChild(BlockJUnit4ClassRunner.java:78)
	at org.junit.runners.BlockJUnit4ClassRunner.runChild(BlockJUnit4ClassRunner.java:57)
	at org.junit.runners.ParentRunner$3.run(ParentRunner.java:290)
	at org.junit.runners.ParentRunner$1.schedule(ParentRunner.java:71)
	at org.junit.runners.ParentRunner.runChildren(ParentRunner.java:288)
	at org.junit.runners.ParentRunner.access$000(ParentRunner.java:58)
	at org.junit.runners.ParentRunner$2.evaluate(ParentRunner.java:268)
	at org.junit.internal.runners.statements.RunBefores.evaluate(RunBefores.java:26)
	at org.junit.internal.runners.statements.RunAfters.evaluate(RunAfters.java:27)
	at org.junit.rules.TestWatcher$1.evaluate(TestWatcher.java:55)
	at org.junit.rules.RunRules.evaluate(RunRules.java:20)
	at org.junit.runners.ParentRunner.run(ParentRunner.java:363)
	at org.apache.maven.surefire.junit4.JUnit4Provider.execute(JUnit4Provider.java:252)
	at org.apache.maven.surefire.junit4.JUnit4Provider.executeTestSet(JUnit4Provider.java:141)
	at org.apache.maven.surefire.junit4.JUnit4Provider.invoke(JUnit4Provider.java:112)
	at sun.reflect.NativeMethodAccessorImpl.invoke0(Native Method)
	at sun.reflect.NativeMethodAccessorImpl.invoke(NativeMethodAccessorImpl.java:62)
	at sun.reflect.DelegatingMethodAccessorImpl.invoke(DelegatingMethodAccessorImpl.java:43)
	at java.lang.reflect.Method.invoke(Method.java:498)
	at org.apache.maven.surefire.util.ReflectionUtils.invokeMethodWithArray(ReflectionUtils.java:189)
	at org.apache.maven.surefire.booter.ProviderFactory$ProviderProxy.invoke(ProviderFactory.java:165)
	at org.apache.maven.surefire.booter.ProviderFactory.invokeProvider(ProviderFactory.java:85)
	at org.apache.maven.surefire.booter.ForkedBooter.runSuitesInProcess(ForkedBooter.java:115)
	at org.apache.maven.surefire.booter.ForkedBooter.main(ForkedBooter.java:75)
</pre>]]></ErrorText>
                        <Links/>
                        <Duration><![CDATA[00:00:02.571]]></Duration>
                        <Extension>
                            <Any>
                                <IconKey>Test</IconKey>
                                <IsHtmlErrorText>true</IsHtmlErrorText>
                            </Any>
                        </Extension>
                    </Data>
                    <ReportNode type="Step">
                        <Data>
                            <Name><![CDATA[Browser.launch]]></Name>
                            <Description><![CDATA[<style>.ex-table{border-collapse: collapse !important;width: auto;height: auto;}.ex-table,.ex-table tr,.ex-table td{border: 1px solid #c6c6c6;}.ex-table td{padding: 5px 10px;vertical-align: top;width: auto;}.ex-table .ex-name{font-size: 13px;font-weight: bold;background-color: #f3f3f3;white-space: nowrap;}.ex-table .ex-value{color: #5a5a5a;}</style><table class='ex-table'><tr><td class='ex-name'>arg0</td><td class='ex-value'><style>.ex-table{border-collapse: collapse !important;width: auto;height: auto;}.ex-table,.ex-table tr,.ex-table td{border: 1px solid #c6c6c6;}.ex-table td{padding: 5px 10px;vertical-align: top;width: auto;}.ex-table .ex-name{font-size: 13px;font-weight: bold;background-color: #f3f3f3;white-space: nowrap;}.ex-table .ex-value{color: #5a5a5a;}</style><table class='ex-table'><tr><td class='ex-name'>osType</td><td class='ex-value'>Windows</td></tr><tr><td class='ex-name'>osVersion</td><td class='ex-value'>10</td></tr><tr><td class='ex-name'>type</td><td class='ex-value'>Chrome</td></tr><tr><td class='ex-name'>version</td><td class='ex-value'>64</td></tr><tr><td class='ex-name'>testName</td><td class='ex-value'>Fey LRT SRF  Remote Execution demo</td></tr></table></td></tr></table>]]></Description>
                            <StartTime>2018-09-13 18:29:11</StartTime>
                            <Result>Failed</Result>
                            <ErrorText><![CDATA[<b>Operation 'Browser.launch' failed:</b><BR/><pre>com.hp.lft.sdk.GeneralReplayException: LAB417: Version 64 of &apos;chrome&apos; not found
	at com.hp.lft.sdk.internal.ReplayExceptionFactory$11.create(ReplayExceptionFactory.java:95)
	at com.hp.lft.sdk.internal.ReplayExceptionFactory.createOrDefault(ReplayExceptionFactory.java:289)
	at com.hp.lft.sdk.internal.ReplayExceptionFactory.createOrDefault(ReplayExceptionFactory.java:22)
	at com.hp.lft.sdk.internal.web.BrowserErrorHandler.onError(BrowserErrorHandler.java:38)
	at com.hp.lft.sdk.internal.CommunicationClientImpl.handleError(CommunicationClientImpl.java:221)
	at com.hp.lft.sdk.internal.CommunicationClientImpl.send(CommunicationClientImpl.java:96)
	at com.hp.lft.sdk.internal.web.BrowserFactoryHelper.doLaunchHelper(BrowserFactoryHelper.java:48)
	at com.hp.lft.sdk.internal.web.BrowserFactoryHelper.doLaunch(BrowserFactoryHelper.java:40)
	at com.hp.lft.sdk.internal.web.SrfBrowserFactory$1.invoke(SrfBrowserFactory.java:77)
	at com.hp.lft.sdk.internal.web.SrfBrowserFactory$1.invoke(SrfBrowserFactory.java:74)
	at com.hp.lft.sdk.internal.TestObjectOperationWrapper.executeWithEvents(TestObjectOperationWrapper.java:120)
	at com.hp.lft.sdk.internal.TestObjectOperationWrapper.executeWithEvents(TestObjectOperationWrapper.java:97)
	at com.hp.lft.sdk.internal.web.SrfBrowserFactory.launch(SrfBrowserFactory.java:81)
	at com.hp.lft.sdk.SrfLab.launchBrowser(SrfLab.java:42)
	at com.fey.LeanFtTest.test(LeanFtTest.java:56)
	at sun.reflect.NativeMethodAccessorImpl.invoke0(Native Method)
	at sun.reflect.NativeMethodAccessorImpl.invoke(NativeMethodAccessorImpl.java:62)
	at sun.reflect.DelegatingMethodAccessorImpl.invoke(DelegatingMethodAccessorImpl.java:43)
	at java.lang.reflect.Method.invoke(Method.java:498)
	at org.junit.runners.model.FrameworkMethod$1.runReflectiveCall(FrameworkMethod.java:50)
	at org.junit.internal.runners.model.ReflectiveCallable.run(ReflectiveCallable.java:12)
	at org.junit.runners.model.FrameworkMethod.invokeExplosively(FrameworkMethod.java:47)
	at org.junit.internal.runners.statements.InvokeMethod.evaluate(InvokeMethod.java:17)
	at org.junit.internal.runners.statements.RunBefores.evaluate(RunBefores.java:26)
	at org.junit.internal.runners.statements.RunAfters.evaluate(RunAfters.java:27)
	at org.junit.rules.TestWatcher$1.evaluate(TestWatcher.java:55)
	at org.junit.rules.RunRules.evaluate(RunRules.java:20)
	at org.junit.runners.ParentRunner.runLeaf(ParentRunner.java:325)
	at org.junit.runners.BlockJUnit4ClassRunner.runChild(BlockJUnit4ClassRunner.java:78)
	at org.junit.runners.BlockJUnit4ClassRunner.runChild(BlockJUnit4ClassRunner.java:57)
	at org.junit.runners.ParentRunner$3.run(ParentRunner.java:290)
	at org.junit.runners.ParentRunner$1.schedule(ParentRunner.java:71)
	at org.junit.runners.ParentRunner.runChildren(ParentRunner.java:288)
	at org.junit.runners.ParentRunner.access$000(ParentRunner.java:58)
	at org.junit.runners.ParentRunner$2.evaluate(ParentRunner.java:268)
	at org.junit.internal.runners.statements.RunBefores.evaluate(RunBefores.java:26)
	at org.junit.internal.runners.statements.RunAfters.evaluate(RunAfters.java:27)
	at org.junit.rules.TestWatcher$1.evaluate(TestWatcher.java:55)
	at org.junit.rules.RunRules.evaluate(RunRules.java:20)
	at org.junit.runners.ParentRunner.run(ParentRunner.java:363)
	at org.apache.maven.surefire.junit4.JUnit4Provider.execute(JUnit4Provider.java:252)
	at org.apache.maven.surefire.junit4.JUnit4Provider.executeTestSet(JUnit4Provider.java:141)
	at org.apache.maven.surefire.junit4.JUnit4Provider.invoke(JUnit4Provider.java:112)
	at sun.reflect.NativeMethodAccessorImpl.invoke0(Native Method)
	at sun.reflect.NativeMethodAccessorImpl.invoke(NativeMethodAccessorImpl.java:62)
	at sun.reflect.DelegatingMethodAccessorImpl.invoke(DelegatingMethodAccessorImpl.java:43)
	at java.lang.reflect.Method.invoke(Method.java:498)
	at org.apache.maven.surefire.util.ReflectionUtils.invokeMethodWithArray(ReflectionUtils.java:189)
	at org.apache.maven.surefire.booter.ProviderFactory$ProviderProxy.invoke(ProviderFactory.java:165)
	at org.apache.maven.surefire.booter.ProviderFactory.invokeProvider(ProviderFactory.java:85)
	at org.apache.maven.surefire.booter.ForkedBooter.runSuitesInProcess(ForkedBooter.java:115)
	at org.apache.maven.surefire.booter.ForkedBooter.main(ForkedBooter.java:75)
</pre>]]></ErrorText>
                            <Links/>
                            <Duration><![CDATA[00:00:00.000]]></Duration>
                            <Extension>
                                <Any>
                                    <TestObject>
                                        <Path/>
                                        <Operation>launch</Operation>
                                        <OperationData><![CDATA[<style>.ex-table{border-collapse: collapse !important;width: auto;height: auto;}.ex-table,.ex-table tr,.ex-table td{border: 1px solid #c6c6c6;}.ex-table td{padding: 5px 10px;vertical-align: top;width: auto;}.ex-table .ex-name{font-size: 13px;font-weight: bold;background-color: #f3f3f3;white-space: nowrap;}.ex-table .ex-value{color: #5a5a5a;}</style><table class='ex-table'><tr><td class='ex-name'>arg0</td><td class='ex-value'><style>.ex-table{border-collapse: collapse !important;width: auto;height: auto;}.ex-table,.ex-table tr,.ex-table td{border: 1px solid #c6c6c6;}.ex-table td{padding: 5px 10px;vertical-align: top;width: auto;}.ex-table .ex-name{font-size: 13px;font-weight: bold;background-color: #f3f3f3;white-space: nowrap;}.ex-table .ex-value{color: #5a5a5a;}</style><table class='ex-table'><tr><td class='ex-name'>osType</td><td class='ex-value'>Windows</td></tr><tr><td class='ex-name'>osVersion</td><td class='ex-value'>10</td></tr><tr><td class='ex-name'>type</td><td class='ex-value'>Chrome</td></tr><tr><td class='ex-name'>version</td><td class='ex-value'>64</td></tr><tr><td class='ex-name'>testName</td><td class='ex-value'>Fey LRT SRF  Remote Execution demo</td></tr></table></td></tr></table>]]></OperationData>
                                        <Properties/>
                                    </TestObject>
                                    <IsHtmlErrorText>true</IsHtmlErrorText>
                                    <IconKey>Browser</IconKey>
                                    <CustomUIElements>
                                        <DescriptionLabel>Data</DescriptionLabel>
                                        <FlowTreeNodeCaption><![CDATA[Browser.<span class='emphasis'>launch("Chrome")</span>]]></FlowTreeNodeCaption>
                                        <FlowTreeNodeTooltip><![CDATA[Browser.launch("Chrome")]]></FlowTreeNodeTooltip>
                                    </CustomUIElements>
                                    <HideContextInfo>true</HideContextInfo>
                                </Any>
                            </Extension>
                        </Data>
                    </ReportNode>
                </ReportNode>
            </ReportNode>
        </ReportNode>
    </ReportNode>
</Results>
